d:\documents\code\pitt\cs1666\cs1666-rpg\debug\vc141.pdb
d:\documents\code\pitt\cs1666\cs1666-rpg\debug\vc141.idb
d:\documents\code\pitt\cs1666\cs1666-rpg\debug\helper.obj
d:\documents\code\pitt\cs1666\cs1666-rpg\debug\combatmanager.obj
d:\documents\code\pitt\cs1666\cs1666-rpg\debug\tile.obj
d:\documents\code\pitt\cs1666\cs1666-rpg\debug\resistance.obj
d:\documents\code\pitt\cs1666\cs1666-rpg\debug\player.obj
d:\documents\code\pitt\cs1666\cs1666-rpg\debug\loadtexture.obj
d:\documents\code\pitt\cs1666\cs1666-rpg\debug\item.obj
d:\documents\code\pitt\cs1666\cs1666-rpg\debug\inventory.obj
d:\documents\code\pitt\cs1666\cs1666-rpg\debug\enemy.obj
d:\documents\code\pitt\cs1666\cs1666-rpg\debug\cluster.obj
d:\documents\code\pitt\cs1666\cs1666-rpg\debug\character.obj
d:\documents\code\pitt\cs1666\cs1666-rpg\debug\button.obj
d:\documents\code\pitt\cs1666\cs1666-rpg\debug\strength.obj
d:\documents\code\pitt\cs1666\cs1666-rpg\debug\intelligence.obj
d:\documents\code\pitt\cs1666\cs1666-rpg\debug\faith.obj
d:\documents\code\pitt\cs1666\cs1666-rpg\debug\dexterity.obj
d:\documents\code\pitt\cs1666\cs1666-rpg\debug\constitution.obj
d:\documents\code\pitt\cs1666\cs1666-rpg\debug\attribute.obj
d:\documents\code\pitt\cs1666\cs1666-rpg\debug\ailment.obj
d:\documents\code\pitt\cs1666\cs1666-rpg\debug\ability.obj
d:\documents\code\pitt\cs1666\cs1666-rpg\debug\maingame.obj
d:\documents\code\pitt\cs1666\cs1666-rpg\debug\cs1666-rpg.ilk
d:\documents\code\pitt\cs1666\cs1666-rpg\debug\cs1666-rpg.exe
d:\documents\code\pitt\cs1666\cs1666-rpg\debug\cs1666-rpg.pdb
d:\documents\code\pitt\cs1666\cs1666-rpg\debug\glew32d.pdb
d:\documents\code\pitt\cs1666\cs1666-rpg\debug\glewinfod.pdb
d:\documents\code\pitt\cs1666\cs1666-rpg\debug\visualinfod.pdb
d:\documents\code\pitt\cs1666\cs1666-rpg\debug\cs1666-rpg.tlog\cl.command.1.tlog
d:\documents\code\pitt\cs1666\cs1666-rpg\debug\cs1666-rpg.tlog\cl.read.1.tlog
d:\documents\code\pitt\cs1666\cs1666-rpg\debug\cs1666-rpg.tlog\cl.write.1.tlog
d:\documents\code\pitt\cs1666\cs1666-rpg\debug\cs1666-rpg.tlog\link.command.1.tlog
d:\documents\code\pitt\cs1666\cs1666-rpg\debug\cs1666-rpg.tlog\link.read.1.tlog
d:\documents\code\pitt\cs1666\cs1666-rpg\debug\cs1666-rpg.tlog\link.write.1.tlog
